\BOOKMARK [0][]{chapter*.2}{Abbildungsverzeichnis}{}% 1
\BOOKMARK [0][]{chapter.3}{1 Bandstruktur/Schr\366dingergleichung}{}% 2
\BOOKMARK [1][]{section.4}{1.1 Effektive Masse - R\374ckblick auf Mikro 1+2}{chapter.3}% 3
\BOOKMARK [1][]{section.6}{1.2 Halbleitertypen}{chapter.3}% 4
\BOOKMARK [2][]{subsection.7}{1.2.1 Halbleiter und Metalle}{section.6}% 5
\BOOKMARK [2][]{subsection.8}{1.2.2 Elementhalbleiter}{section.6}% 6
\BOOKMARK [2][]{subsection.9}{1.2.3 Verbindungshalbleiter}{section.6}% 7
\BOOKMARK [2][]{subsection.10}{1.2.4 Legierungshalbleiter}{section.6}% 8
\BOOKMARK [1][]{section.11}{1.3 Bindungsarten}{chapter.3}% 9
\BOOKMARK [2][]{subsection.12}{1.3.1 Elektronenpaarbindung}{section.11}% 10
\BOOKMARK [2][]{subsection.13}{1.3.2 Metallische Bindung}{section.11}% 11
\BOOKMARK [2][]{subsection.14}{1.3.3 Ionische Bindung}{section.11}% 12
\BOOKMARK [1][]{section.15}{1.4 Bandstruktur}{chapter.3}% 13
\BOOKMARK [1][]{section.34}{1.5 Licht}{chapter.3}% 14
\BOOKMARK [2][]{subsection.35}{1.5.1 R\366ntgenstrahlung}{section.34}% 15
\BOOKMARK [2][]{subsection.36}{1.5.2 Welle-Teilchen Dualismus}{section.34}% 16
\BOOKMARK [0][]{chapter.61}{2 Anh\344nge}{}% 17
\BOOKMARK [1][]{section.62}{2.1 Geschichtliche Facts}{chapter.61}% 18
\BOOKMARK [1][]{section.63}{2.2 Abk\374rzungen/Bezeichnungen}{chapter.61}% 19
\BOOKMARK [1][]{section.64}{2.3 Nice to know}{chapter.61}% 20
\BOOKMARK [1][]{section.66}{2.4 Literaturempfehlungen}{chapter.61}% 21
\BOOKMARK [1][]{section.67}{2.5 Periodensystem}{chapter.61}% 22
\BOOKMARK [1][]{section.68}{2.6 Nachwort}{chapter.61}% 23
\BOOKMARK [0][]{chapter.69}{3 Literaturverzeichnis}{}% 24
